[2026-03-02 12:00:02] 开始生成每日汇报...
/root/.openclaw/workspace/memory/reports/daily-report.sh: line 89: openclaw: command not found
[2026-03-02 12:00:02] 汇报已发送
[2026-03-02 12:00:02] 汇报完成
[2026-03-03 12:00:03] 开始生成每日汇报...
✅ Sent via Feishu. Message ID: om_x100b5551822cc0acb10a306d243d050 (chat oc_a63b77f46415a883feef0b106c5519d1)
[2026-03-03 12:00:14] 汇报已发送
[2026-03-03 12:00:14] 汇报完成
[2026-03-04 12:00:02] 开始生成每日汇报...
✅ Sent via Feishu. Message ID: om_x100b554eaa27cca8b388b4d9364a0ce (chat oc_a63b77f46415a883feef0b106c5519d1)
[2026-03-04 12:00:15] 汇报已发送
[2026-03-04 12:00:15] 汇报完成
[2026-03-05 12:00:03] 开始生成每日汇报...
✅ Sent via Feishu. Message ID: om_x100b55bbb3e134b0b3b8d15b96bc357 (chat oc_a63b77f46415a883feef0b106c5519d1)
[2026-03-05 12:00:19] 汇报已发送
[2026-03-05 12:00:19] 汇报完成
[2026-03-06 12:00:03] 开始生成每日汇报...
✅ Sent via Feishu. Message ID: om_x100b55915a057080b4ae0640f0f3261 (chat oc_a63b77f46415a883feef0b106c5519d1)
[2026-03-06 12:00:13] 汇报已发送
[2026-03-06 12:00:13] 汇报完成
[2026-03-07 12:00:02] 开始生成每日汇报...
✅ Sent via Feishu. Message ID: om_x100b558e620698a4b3b26e2720218a4 (chat oc_a63b77f46415a883feef0b106c5519d1)
[2026-03-07 12:00:13] 汇报已发送
[2026-03-07 12:00:13] 汇报完成
[2026-03-07 04:03:03] 开始生成每日汇报...
✅ Sent via Feishu. Message ID: om_x100b558e743754a0b330e84ef063bd5 (chat oc_a63b77f46415a883feef0b106c5519d1)
[2026-03-07 04:03:15发送
[202] 汇报已6-03-07 04:03:15] 汇报完成
[2026-03-08 12:00:02] 开始生成每日汇报...
✅ Sent via Feishu. Message ID: om_x100b55fb0a078ca8b2e53c2a4f13cb2 (chat oc_a63b77f46415a883feef0b106c5519d1)
[2026-03-08 12:00:13] 汇报已发送
[2026-03-08 12:00:13] 汇报完成
[2026-03-09 12:00:03] 开始生成每日汇报...
/root/.openclaw/workspace/memory/reports/daily-report.sh: line 94: openclaw: command not found
[2026-03-09 12:00:03] 汇报已发送
[2026-03-09 12:00:03] 汇报完成
[2026-03-10 12:00:03] 开始生成每日汇报...
/root/.openclaw/workspace/memory/reports/daily-report.sh: line 94: openclaw: command not found
[2026-03-10 12:00:03] 汇报已发送
[2026-03-10 12:00:03] 汇报完成
